<?xml version="1.0" encoding="UTF-8"?>
<testsuite name="AppTest" tests="2" skipped="0" failures="0" errors="0" timestamp="2016-02-11T18:08:40" hostname="epicodus-67.local" time="0.011">
  <properties/>
  <testcase name="CoinCount_returnNumberFromUser_99" classname="AppTest" time="0.003"/>
  <testcase name="CoinCount_returnQuantityOfCoins_25" classname="AppTest" time="0.0"/>
  <system-out><![CDATA[]]></system-out>
  <system-err><![CDATA[]]></system-err>
</testsuite>
