<?xml version="1.0" encoding="UTF-8"?>
<testsuite name="AppTest" tests="1" skipped="0" failures="0" errors="0" timestamp="2016-02-11T16:47:05" hostname="epicodus-67.local" time="0.004">
  <properties/>
  <testcase name="CoinCount_returnNumberFromUser_99" classname="AppTest" time="0.004"/>
  <system-out><![CDATA[]]></system-out>
  <system-err><![CDATA[]]></system-err>
</testsuite>
